Performing C++ SOURCE FILE Test HWY_EMSCRIPTEN failed with the following output:
Change Dir: /home/rbapat/SIMD-Smith-Waterman/src/highway-1.2.0/build/CMakeFiles/CMakeTmp

Run Build Command(s):/usr/bin/gmake -f Makefile cmTC_287e0/fast && /usr/bin/gmake  -f CMakeFiles/cmTC_287e0.dir/build.make CMakeFiles/cmTC_287e0.dir/build
gmake[1]: Entering directory '/home/rbapat/SIMD-Smith-Waterman/src/highway-1.2.0/build/CMakeFiles/CMakeTmp'
Building CXX object CMakeFiles/cmTC_287e0.dir/src.cxx.o
/usr/bin/c++ -DHWY_EMSCRIPTEN  -fPIE -std=c++17 -o CMakeFiles/cmTC_287e0.dir/src.cxx.o -c /home/rbapat/SIMD-Smith-Waterman/src/highway-1.2.0/build/CMakeFiles/CMakeTmp/src.cxx
/home/rbapat/SIMD-Smith-Waterman/src/highway-1.2.0/build/CMakeFiles/CMakeTmp/src.cxx: In function ‘int main()’:
/home/rbapat/SIMD-Smith-Waterman/src/highway-1.2.0/build/CMakeFiles/CMakeTmp/src.cxx:3:21: error: static assertion failed: __EMSCRIPTEN__ is not defined
    3 |       static_assert(false, "__EMSCRIPTEN__ is not defined");
      |                     ^~~~~
gmake[1]: *** [CMakeFiles/cmTC_287e0.dir/build.make:78: CMakeFiles/cmTC_287e0.dir/src.cxx.o] Error 1
gmake[1]: Leaving directory '/home/rbapat/SIMD-Smith-Waterman/src/highway-1.2.0/build/CMakeFiles/CMakeTmp'
gmake: *** [Makefile:127: cmTC_287e0/fast] Error 2


Source file was:
int main() {
      #if !defined(__EMSCRIPTEN__)
      static_assert(false, "__EMSCRIPTEN__ is not defined");
      #endif
      return 0;
    }
Performing C++ SOURCE FILE Test HWY_RISCV failed with the following output:
Change Dir: /home/rbapat/SIMD-Smith-Waterman/src/highway-1.2.0/build/CMakeFiles/CMakeTmp

Run Build Command(s):/usr/bin/gmake -f Makefile cmTC_1ae81/fast && /usr/bin/gmake  -f CMakeFiles/cmTC_1ae81.dir/build.make CMakeFiles/cmTC_1ae81.dir/build
gmake[1]: Entering directory '/home/rbapat/SIMD-Smith-Waterman/src/highway-1.2.0/build/CMakeFiles/CMakeTmp'
Building CXX object CMakeFiles/cmTC_1ae81.dir/src.cxx.o
/usr/bin/c++ -DHWY_RISCV  -fPIE -std=c++17 -o CMakeFiles/cmTC_1ae81.dir/src.cxx.o -c /home/rbapat/SIMD-Smith-Waterman/src/highway-1.2.0/build/CMakeFiles/CMakeTmp/src.cxx
/home/rbapat/SIMD-Smith-Waterman/src/highway-1.2.0/build/CMakeFiles/CMakeTmp/src.cxx: In function ‘int main()’:
/home/rbapat/SIMD-Smith-Waterman/src/highway-1.2.0/build/CMakeFiles/CMakeTmp/src.cxx:3:21: error: static assertion failed: __riscv is not defined
    3 |       static_assert(false, "__riscv is not defined");
      |                     ^~~~~
gmake[1]: *** [CMakeFiles/cmTC_1ae81.dir/build.make:78: CMakeFiles/cmTC_1ae81.dir/src.cxx.o] Error 1
gmake[1]: Leaving directory '/home/rbapat/SIMD-Smith-Waterman/src/highway-1.2.0/build/CMakeFiles/CMakeTmp'
gmake: *** [Makefile:127: cmTC_1ae81/fast] Error 2


Source file was:
int main() {
      #if !defined(__riscv)
      static_assert(false, "__riscv is not defined");
      #endif
      return 0;
    }
Determining if the include file asm/hwcap.h exists failed with the following output:
Change Dir: /home/rbapat/SIMD-Smith-Waterman/src/highway-1.2.0/build/CMakeFiles/CMakeTmp

Run Build Command(s):/usr/bin/gmake -f Makefile cmTC_c922a/fast && /usr/bin/gmake  -f CMakeFiles/cmTC_c922a.dir/build.make CMakeFiles/cmTC_c922a.dir/build
gmake[1]: Entering directory '/home/rbapat/SIMD-Smith-Waterman/src/highway-1.2.0/build/CMakeFiles/CMakeTmp'
Building C object CMakeFiles/cmTC_c922a.dir/CheckIncludeFile.c.o
/usr/bin/cc   -fPIE -o CMakeFiles/cmTC_c922a.dir/CheckIncludeFile.c.o -c /home/rbapat/SIMD-Smith-Waterman/src/highway-1.2.0/build/CMakeFiles/CMakeTmp/CheckIncludeFile.c
/home/rbapat/SIMD-Smith-Waterman/src/highway-1.2.0/build/CMakeFiles/CMakeTmp/CheckIncludeFile.c:1:10: fatal error: asm/hwcap.h: No such file or directory
    1 | #include <asm/hwcap.h>
      |          ^~~~~~~~~~~~~
compilation terminated.
gmake[1]: *** [CMakeFiles/cmTC_c922a.dir/build.make:78: CMakeFiles/cmTC_c922a.dir/CheckIncludeFile.c.o] Error 1
gmake[1]: Leaving directory '/home/rbapat/SIMD-Smith-Waterman/src/highway-1.2.0/build/CMakeFiles/CMakeTmp'
gmake: *** [Makefile:127: cmTC_c922a/fast] Error 2



